<?xml version="1.0" encoding="UTF-8"?>
<!-- Generated by org.testng.reporters.JUnitReportReporter -->
<testsuite hostname="ATMECSINLT-469" name="com.atmecs.testscript.LoginTestScript" tests="1" failures="0" timestamp="20 Feb 2019 12:02:43 GMT" time="19.984" errors="0">
  <testcase name="validLogin" time="19.984" classname="com.atmecs.testscript.LoginTestScript"/>
</testsuite> <!-- com.atmecs.testscript.LoginTestScript -->
