<?xml version="1.0" encoding="UTF-8"?>
<!-- Generated by org.testng.reporters.JUnitReportReporter -->
<testsuite hostname="ATMECSINLT-469" name="com.atmecs.testscript.TraversePages" tests="1" failures="0" timestamp="21 Feb 2019 07:20:59 GMT" time="53.861" errors="0">
  <testcase name="traverseTheLinks" time="53.861" classname="com.atmecs.testscript.TraversePages"/>
</testsuite> <!-- com.atmecs.testscript.TraversePages -->
