<?xml version="1.0" encoding="UTF-8"?>
<!-- Generated by org.testng.reporters.JUnitReportReporter -->
<testsuite hostname="ATMECSINDT-065" name="com.atmecs.testscript.Registration" tests="1" failures="0" timestamp="28 Feb 2019 14:07:41 GMT" time="11.844" errors="0">
  <testcase name="register" time="11.844" classname="com.atmecs.testscript.Registration"/>
</testsuite> <!-- com.atmecs.testscript.Registration -->
