<?xml version="1.0" encoding="UTF-8"?>
<!-- Generated by org.testng.reporters.JUnitReportReporter -->
<testsuite hostname="ATMECSINDT-065" name="com.atmecs.testscript.Login" tests="1" failures="0" timestamp="28 Feb 2019 14:07:41 GMT" time="20.701" errors="0">
  <testcase name="login" time="20.701" classname="com.atmecs.testscript.Login"/>
</testsuite> <!-- com.atmecs.testscript.Login -->
