<?xml version="1.0" encoding="UTF-8"?>
<!-- Generated by org.testng.reporters.JUnitReportReporter -->
<testsuite hostname="ATMECSINLT-469" name="com.atmecs.testscript.Registration" tests="1" failures="0" timestamp="21 Feb 2019 07:20:59 GMT" time="27.867" errors="0">
  <testcase name="register" time="27.867" classname="com.atmecs.testscript.Registration"/>
</testsuite> <!-- com.atmecs.testscript.Registration -->
