<?xml version="1.0" encoding="UTF-8"?>
<!-- Generated by org.testng.reporters.JUnitReportReporter -->
<testsuite hostname="ATMECSINLT-469" name="com.atmecs.testscript.RegisterTestScript" tests="1" failures="0" timestamp="20 Feb 2019 12:02:43 GMT" time="11.867" errors="0">
  <testcase name="register" time="11.867" classname="com.atmecs.testscript.RegisterTestScript"/>
</testsuite> <!-- com.atmecs.testscript.RegisterTestScript -->
