<?xml version="1.0" encoding="UTF-8"?>
<!-- Generated by org.testng.reporters.JUnitReportReporter -->
<testsuite hostname="ATMECSINDT-065" name="com.atmecs.testscript.TraversePages" tests="1" failures="0" timestamp="28 Feb 2019 14:07:41 GMT" time="26.181" errors="0">
  <testcase name="traverseTheLinks" time="26.181" classname="com.atmecs.testscript.TraversePages"/>
</testsuite> <!-- com.atmecs.testscript.TraversePages -->
