<?xml version="1.0" encoding="UTF-8"?>
<!-- Generated by org.testng.reporters.JUnitReportReporter -->
<testsuite hostname="ATMECSINLT-469" name="com.atmecs.testscript.TraverseTestScript" tests="1" failures="0" timestamp="20 Feb 2019 12:02:43 GMT" time="37.066" errors="0">
  <testcase name="traverseTheLinks" time="37.066" classname="com.atmecs.testscript.TraverseTestScript"/>
</testsuite> <!-- com.atmecs.testscript.TraverseTestScript -->
