<?xml version="1.0" encoding="UTF-8"?>
<!-- Generated by org.testng.reporters.JUnitReportReporter -->
<testsuite hostname="ATMECSINLT-469" name="com.atmecs.testscript.Login" tests="1" failures="0" timestamp="21 Feb 2019 07:20:59 GMT" time="59.770" errors="0">
  <testcase name="validLogin" time="59.770" classname="com.atmecs.testscript.Login"/>
</testsuite> <!-- com.atmecs.testscript.Login -->
